2021-11-05 16:08:37,730 - spider.py - INFO - 用户昵称: 青青虫的微博
用户id: 1555113427
微博数: 57794
关注数: 69
粉丝数: 12156000

2021-11-05 16:08:37,730 - spider.py - INFO - ****************************************************************************************************
2021-11-05 16:08:37,742 - txt_writer.py - INFO - 青青虫的微博信息写入txt文件完毕，保存路径：/Users/zhangyan/Desktop/hk/spider_weibo/weibo/青青虫的微博/1555113427.txt
2021-11-05 16:08:37,742 - spider.py - INFO - ****************************************************************************************************
2021-11-05 16:08:50,021 - page_parser.py - INFO - 正在过滤转发微博
2021-11-05 16:08:50,021 - page_parser.py - INFO - 正在过滤转发微博
2021-11-05 16:08:50,023 - page_parser.py - INFO - #真理# 即使通往真理的貌似坦途，计划往往也赶不上变化。  原图 
微博发布位置：无
发布时间：2021-11-05 20:16
发布工具：微博 weibo.com
点赞数：27
转发数：3
评论数：12
url：https://weibo.cn/comment/L06Xrk1kp

2021-11-05 16:08:50,023 - page_parser.py - INFO - ----------------------------------------------------------------------------------------------------
2021-11-05 16:08:50,024 - page_parser.py - INFO - #权利# 你认为猫狗应该有高于其它动物的特权吗？  原图 
微博发布位置：无
发布时间：2021-11-05 19:27
发布工具：微博 weibo.com
点赞数：56
转发数：3
评论数：23
url：https://weibo.cn/comment/L06Dycyr9

2021-11-05 16:08:50,024 - page_parser.py - INFO - ----------------------------------------------------------------------------------------------------
2021-11-05 16:09:04,154 - page_parser.py - INFO - #海底捞# 海底捞要关闭300家店？看来最近一定要去支持一下了。虽然海底捞宣布不会裁员，但关闭店面的员工薪资大概还是会受影响吧。海底捞作为国内餐饮业管理水平的天花板之一，敬业的员工不光是海底捞的、也是社会的宝贵财富，希望小盆友们能在新的岗位上继续发光发！。本条义务为@海底捞火锅 安利，转关本条抽10位小盆友发海底捞补贴（每位50元现金），双十一开！ 疫情一定会过去，海底捞加油！  青青虫的微博的微博视频                                 
微博发布位置：无
发布时间：2021-11-05 19:11
发布工具：微博视频号
点赞数：8
转发数：3
评论数：14
url：https://weibo.cn/comment/L06xodOkD

2021-11-05 16:09:04,154 - page_parser.py - INFO - ----------------------------------------------------------------------------------------------------
2021-11-05 16:09:04,155 - page_parser.py - INFO - #航空# 你认为螺旋桨飞机还会迎来第二春吗？  原图 
微博发布位置：无
发布时间：2021-11-05 18:48
发布工具：微博 weibo.com
点赞数：47
转发数：1
评论数：23
url：https://weibo.cn/comment/L06nIEpoo

2021-11-05 16:09:04,155 - page_parser.py - INFO - ----------------------------------------------------------------------------------------------------
2021-11-05 16:09:04,156 - page_parser.py - INFO - #物理# 无论从事神马极限运动，脸刹总是最为有用。  原图 
微博发布位置：无
发布时间：2021-11-05 17:48
发布工具：微博 weibo.com
点赞数：26
转发数：0
评论数：6
url：https://weibo.cn/comment/L05ZmB2hd

2021-11-05 16:09:04,156 - page_parser.py - INFO - ----------------------------------------------------------------------------------------------------
2021-11-05 16:09:04,156 - page_parser.py - INFO - 正在过滤转发微博
2021-11-05 16:09:04,157 - page_parser.py - INFO - #空投# 纯猜的话，你认为我军的空投能力赶上诺曼底登陆时的美军了吗？  原图 
微博发布位置：无
发布时间：2021-11-05 16:53
发布工具：微博 weibo.com
点赞数：57
转发数：7
评论数：52
url：https://weibo.cn/comment/L05D2zhti

2021-11-05 16:09:04,158 - page_parser.py - INFO - ----------------------------------------------------------------------------------------------------
2021-11-05 16:09:04,158 - page_parser.py - INFO - #世纪# 你认为本世纪自己还有机会亲身参与一次世界大战吗？  原图 
微博发布位置：无
发布时间：2021-11-05 16:19
发布工具：微博 weibo.com
点赞数：70
转发数：5
评论数：43
url：https://weibo.cn/comment/L05pf7pK0

2021-11-05 16:09:04,158 - page_parser.py - INFO - ----------------------------------------------------------------------------------------------------
2021-11-05 16:09:04,159 - spider.py - INFO - ------------------------------已获取青青虫的微博(1555113427)的第1页微博------------------------------
2021-11-05 16:09:04,159 - csv_writer.py - INFO - 7条微博写入csv文件完毕，保存路径：/Users/zhangyan/Desktop/hk/spider_weibo/weibo/青青虫的微博/1555113427.csv
2021-11-05 16:09:04,160 - txt_writer.py - INFO - 7条微博写入txt文件完毕，保存路径：/Users/zhangyan/Desktop/hk/spider_weibo/weibo/青青虫的微博/1555113427.txt
2021-11-05 16:09:04,160 - downloader.py - INFO - 即将进行原创微博图片下载
2021-11-05 16:09:37,077 - downloader.py - INFO - 原创微博图片下载完毕,保存路径:
2021-11-05 16:09:37,079 - downloader.py - INFO - /Users/zhangyan/Desktop/hk/spider_weibo/weibo/青青虫的微博/img
2021-11-05 16:09:37,079 - downloader.py - INFO - 即将进行视频下载
2021-11-05 16:09:47,467 - downloader.py - INFO - 视频下载完毕,保存路径:
2021-11-05 16:09:47,470 - downloader.py - INFO - /Users/zhangyan/Desktop/hk/spider_weibo/weibo/青青虫的微博/video
2021-11-05 16:10:44,603 - spider.py - INFO - 用户昵称: 青青虫的微博
用户id: 1555113427
微博数: 57794
关注数: 69
粉丝数: 12156000

2021-11-05 16:10:44,604 - spider.py - INFO - ****************************************************************************************************
2021-11-05 16:10:44,615 - txt_writer.py - INFO - 青青虫的微博信息写入txt文件完毕，保存路径：/Users/zhangyan/Desktop/hk/spider_weibo/weibo/青青虫的微博/1555113427.txt
2021-11-05 16:10:44,615 - spider.py - INFO - ****************************************************************************************************
2021-11-05 16:12:49,020 - spider.py - INFO - 用户昵称: 青青虫的微博
用户id: 1555113427
微博数: 57794
关注数: 69
粉丝数: 12156000

2021-11-05 16:12:49,021 - spider.py - INFO - ****************************************************************************************************
2021-11-05 16:12:49,032 - txt_writer.py - INFO - 青青虫的微博信息写入txt文件完毕，保存路径：/Users/zhangyan/Desktop/hk/spider_weibo/results/青青虫的微博/1555113427.txt
2021-11-05 16:12:49,033 - spider.py - INFO - ****************************************************************************************************
2021-11-05 16:12:57,628 - page_parser.py - INFO - 正在过滤转发微博
2021-11-05 16:12:57,628 - page_parser.py - INFO - 正在过滤转发微博
2021-11-05 16:12:57,630 - page_parser.py - INFO - #真理# 即使通往真理的貌似坦途，计划往往也赶不上变化。  原图 
微博发布位置：无
发布时间：2021-11-05 20:16
发布工具：微博 weibo.com
点赞数：27
转发数：3
评论数：12
url：https://weibo.cn/comment/L06Xrk1kp

2021-11-05 16:12:57,630 - page_parser.py - INFO - ----------------------------------------------------------------------------------------------------
2021-11-05 16:12:57,632 - page_parser.py - INFO - #权利# 你认为猫狗应该有高于其它动物的特权吗？  原图 
微博发布位置：无
发布时间：2021-11-05 19:27
发布工具：微博 weibo.com
点赞数：56
转发数：3
评论数：23
url：https://weibo.cn/comment/L06Dycyr9

2021-11-05 16:12:57,632 - page_parser.py - INFO - ----------------------------------------------------------------------------------------------------
2021-11-05 16:13:07,450 - page_parser.py - INFO - #海底捞# 海底捞要关闭300家店？看来最近一定要去支持一下了。虽然海底捞宣布不会裁员，但关闭店面的员工薪资大概还是会受影响吧。海底捞作为国内餐饮业管理水平的天花板之一，敬业的员工不光是海底捞的、也是社会的宝贵财富，希望小盆友们能在新的岗位上继续发光发！。本条义务为@海底捞火锅 安利，转关本条抽10位小盆友发海底捞补贴（每位50元现金），双十一开！ 疫情一定会过去，海底捞加油！  青青虫的微博的微博视频                                 
微博发布位置：无
发布时间：2021-11-05 19:11
发布工具：微博视频号
点赞数：8
转发数：3
评论数：14
url：https://weibo.cn/comment/L06xodOkD

2021-11-05 16:13:07,450 - page_parser.py - INFO - ----------------------------------------------------------------------------------------------------
2021-11-05 16:13:07,451 - page_parser.py - INFO - #航空# 你认为螺旋桨飞机还会迎来第二春吗？  原图 
微博发布位置：无
发布时间：2021-11-05 18:48
发布工具：微博 weibo.com
点赞数：47
转发数：1
评论数：23
url：https://weibo.cn/comment/L06nIEpoo

2021-11-05 16:13:07,451 - page_parser.py - INFO - ----------------------------------------------------------------------------------------------------
2021-11-05 16:13:07,452 - page_parser.py - INFO - #物理# 无论从事神马极限运动，脸刹总是最为有用。  原图 
微博发布位置：无
发布时间：2021-11-05 17:48
发布工具：微博 weibo.com
点赞数：26
转发数：0
评论数：6
url：https://weibo.cn/comment/L05ZmB2hd

2021-11-05 16:13:07,452 - page_parser.py - INFO - ----------------------------------------------------------------------------------------------------
2021-11-05 16:13:07,452 - page_parser.py - INFO - 正在过滤转发微博
2021-11-05 16:13:07,453 - page_parser.py - INFO - #空投# 纯猜的话，你认为我军的空投能力赶上诺曼底登陆时的美军了吗？  原图 
微博发布位置：无
发布时间：2021-11-05 16:53
发布工具：微博 weibo.com
点赞数：57
转发数：7
评论数：52
url：https://weibo.cn/comment/L05D2zhti

2021-11-05 16:13:07,453 - page_parser.py - INFO - ----------------------------------------------------------------------------------------------------
2021-11-05 16:13:07,453 - page_parser.py - INFO - #世纪# 你认为本世纪自己还有机会亲身参与一次世界大战吗？  原图 
微博发布位置：无
发布时间：2021-11-05 16:19
发布工具：微博 weibo.com
点赞数：70
转发数：5
评论数：43
url：https://weibo.cn/comment/L05pf7pK0

2021-11-05 16:13:07,453 - page_parser.py - INFO - ----------------------------------------------------------------------------------------------------
2021-11-05 16:13:07,454 - spider.py - INFO - ------------------------------已获取青青虫的微博(1555113427)的第1页微博------------------------------
2021-11-05 16:13:07,454 - csv_writer.py - INFO - 7条微博写入csv文件完毕，保存路径：/Users/zhangyan/Desktop/hk/spider_weibo/results/青青虫的微博/1555113427.csv
2021-11-05 16:13:07,454 - txt_writer.py - INFO - 7条微博写入txt文件完毕，保存路径：/Users/zhangyan/Desktop/hk/spider_weibo/results/青青虫的微博/1555113427.txt
2021-11-05 16:13:07,454 - downloader.py - INFO - 即将进行原创微博图片下载
